0 info it worked if it ends with ok
1 verbose cli [ '/home/pi/node-v0.10.4-linux-arm-pi/bin/node',
1 verbose cli   '/home/pi/node-v0.10.4-linux-arm-pi/bin/npm',
1 verbose cli   'install',
1 verbose cli   'gpio-admin' ]
2 info using npm@1.2.18
3 info using node@v0.10.4
4 verbose read json /home/pi/Development/nodeZones/package.json
5 verbose read json /home/pi/Development/nodeZones/node_modules/pi-gpio/package.json
6 verbose read json /home/pi/Development/nodeZones/package.json
7 verbose cache add [ 'gpio-admin', null ]
8 verbose cache add name=undefined spec="gpio-admin" args=["gpio-admin",null]
9 verbose parsed url { protocol: null,
9 verbose parsed url   slashes: null,
9 verbose parsed url   auth: null,
9 verbose parsed url   host: null,
9 verbose parsed url   port: null,
9 verbose parsed url   hostname: null,
9 verbose parsed url   hash: null,
9 verbose parsed url   search: null,
9 verbose parsed url   query: null,
9 verbose parsed url   pathname: 'gpio-admin',
9 verbose parsed url   path: 'gpio-admin',
9 verbose parsed url   href: 'gpio-admin' }
10 silly lockFile 6e1571f4-gpio-admin gpio-admin
11 verbose lock gpio-admin /home/pi/.npm/6e1571f4-gpio-admin.lock
12 silly lockFile 6e1571f4-gpio-admin gpio-admin
13 silly lockFile 6e1571f4-gpio-admin gpio-admin
14 verbose addNamed [ 'gpio-admin', '' ]
15 verbose addNamed [ null, '' ]
16 silly lockFile 27db1fa7-gpio-admin gpio-admin@
17 verbose lock gpio-admin@ /home/pi/.npm/27db1fa7-gpio-admin.lock
18 silly addNameRange { name: 'gpio-admin', range: '', hasData: false }
19 verbose url raw gpio-admin
20 verbose url resolving [ 'https://registry.npmjs.org/', './gpio-admin' ]
21 verbose url resolved https://registry.npmjs.org/gpio-admin
22 info trying registry request attempt 1 at 09:52:24
23 http GET https://registry.npmjs.org/gpio-admin
24 http 404 https://registry.npmjs.org/gpio-admin
25 silly registry.get cb [ 404,
25 silly registry.get   { server: 'CouchDB/1.3.0 (Erlang OTP/R15B03)',
25 silly registry.get     date: 'Wed, 07 Aug 2013 09:52:25 GMT',
25 silly registry.get     'content-type': 'application/json',
25 silly registry.get     'content-length': '52',
25 silly registry.get     'cache-control': 'must-revalidate' } ]
26 silly lockFile 27db1fa7-gpio-admin gpio-admin@
27 silly lockFile 27db1fa7-gpio-admin gpio-admin@
28 error 404 'gpio-admin' is not in the npm registry.
28 error 404 You should bug the author to publish it
28 error 404
28 error 404 Note that you can also install from a
28 error 404 tarball, folder, or http url, or git url.
29 error System Linux 3.6.11+
30 error command "/home/pi/node-v0.10.4-linux-arm-pi/bin/node" "/home/pi/node-v0.10.4-linux-arm-pi/bin/npm" "install" "gpio-admin"
31 error cwd /home/pi/Development/nodeZones
32 error node -v v0.10.4
33 error npm -v 1.2.18
34 error code E404
35 verbose exit [ 1, true ]
